Start testing: Mar 16 10:53 Eastern Daylight Time
----------------------------------------------------------
1/2 Testing: QuadratureOutputTests
1/2 Test: QuadratureOutputTests
Command: "C:/Users/alexx/SENIOR_DESIGN/MDE4806_S26-14/Quadrature/build/test_quadrature_output.exe"
Directory: C:/Users/alexx/SENIOR_DESIGN/MDE4806_S26-14/Quadrature/build
"QuadratureOutputTests" start time: Mar 16 10:53 Eastern Daylight Time
Output:
----------------------------------------------------------
Randomness seeded to: 3989959095
===============================================================================
All tests passed (143 assertions in 41 test cases)

<end of output>
Test time =   0.04 sec
----------------------------------------------------------
Test Passed.
"QuadratureOutputTests" end time: Mar 16 10:53 Eastern Daylight Time
"QuadratureOutputTests" time elapsed: 00:00:00
----------------------------------------------------------

2/2 Testing: QuadratureDecoderTests
2/2 Test: QuadratureDecoderTests
Command: "C:/Users/alexx/SENIOR_DESIGN/MDE4806_S26-14/Quadrature/build/test_quadrature_decoder.exe"
Directory: C:/Users/alexx/SENIOR_DESIGN/MDE4806_S26-14/Quadrature/build
"QuadratureDecoderTests" start time: Mar 16 10:53 Eastern Daylight Time
Output:
----------------------------------------------------------
Randomness seeded to: 4115242365
===============================================================================
No tests ran

<end of output>
Test time =   0.03 sec
----------------------------------------------------------
Test Failed.
"QuadratureDecoderTests" end time: Mar 16 10:53 Eastern Daylight Time
"QuadratureDecoderTests" time elapsed: 00:00:00
----------------------------------------------------------

End testing: Mar 16 10:53 Eastern Daylight Time
